Arguments: 
  /usr/bin/node /usr/bin/yarn run coffee -c lib/issa-basic.coffee

PATH: 
  /home/dart/.local/bin:/usr/local/sbin:/usr/local/bin:/usr/bin:/usr/bin/site_perl:/usr/bin/vendor_perl:/usr/bin/core_perl:/var/lib/snapd/snap/bin

Yarn version: 
  1.22.10

Node version: 
  15.4.0

Platform: 
  linux x64

Trace: 
  SyntaxError: /home/dart/__/issa-basic/package.json: Unexpected token } in JSON at position 93
      at JSON.parse (<anonymous>)
      at /usr/lib/node_modules/yarn/lib/cli.js:1625:59
      at Generator.next (<anonymous>)
      at step (/usr/lib/node_modules/yarn/lib/cli.js:310:30)
      at /usr/lib/node_modules/yarn/lib/cli.js:321:13

npm manifest: 
  {
    "private": true,
    "scripts": {},
    "devDependencies": {
      "coffeescript": "^2.5.1",
    }
  }

yarn manifest: 
  No manifest

Lockfile: 
  # THIS IS AN AUTOGENERATED FILE. DO NOT EDIT THIS FILE DIRECTLY.
  # yarn lockfile v1
  
  
  coffeescript@^2.5.1:
    version "2.5.1"
    resolved "https://registry.yarnpkg.com/coffeescript/-/coffeescript-2.5.1.tgz#b2442a1f2c806139669534a54adc35010559d16a"
    integrity sha512-J2jRPX0eeFh5VKyVnoLrfVFgLZtnnmp96WQSLAS8OrLm2wtQLcnikYKe1gViJKDH7vucjuhHvBKKBP3rKcD1tQ==
  
  coffescript@^0.0.1-security:
    version "0.0.1-security"
    resolved "https://registry.yarnpkg.com/coffescript/-/coffescript-0.0.1-security.tgz#21455f7546cdab412b2fcf7ad6830763bb60da47"
    integrity sha512-VHJ9ut+YjMDk6wgTe/2wW8e2eP8XqAsP7dDQwX6JMsy3ME2swQxU6lME1FZrhB8A01/5H90+0qCA90RF43BHRA==
